43.0963 	EXP 	Created window1 = Window(allowGUI=False, allowStencil=False, args=UNKNOWN, autoLog=True, bitsMode=UNKNOWN, blendMode='avg', color=array([0., 0., 0.]), colorSpace='rgb', fullscr=UNKNOWN, gamma=None, kwargs=UNKNOWN, lms=UNKNOWN, monitor=<psychopy.monitors.calibTools.Monitor object at 0x1164e0710>, multiSample=False, name='window1', numSamples=2, pos=[-720, -450], screen=0, size=array([2880, 1800]), stereo=False, units=u'norm', useFBO=True, useRetina=True, viewOri=0.0, viewPos=None, viewScale=None, waitBlanking=True, winType=u'pyglet')
43.0964 	EXP 	window1: recordFrameIntervals = False
43.2593 	EXP 	window1: recordFrameIntervals = True
43.4431 	EXP 	window1: recordFrameIntervals = False
43.6717 	EXP 	Created text = TextStim(alignHoriz='center', alignVert='center', antialias=True, autoLog=True, bold=False, color='white', colorSpace='named', contrast=1.0, depth=0.0, flipHoriz=False, flipVert=False, font='Arial', fontFiles=[], height=0.1, italic=False, name='text', opacity=1.0, ori=0, pos=array([0., 0.]), rgb=array([255., 255., 255.]), text=newstr(...), units=u'norm', win=Window(...), wrapWidth=1)
43.6807 	EXP 	Created leftStim = TextStim(alignHoriz='center', alignVert='center', antialias=True, autoLog=True, bold=False, color='white', colorSpace='named', contrast=1.0, depth=0.0, flipHoriz=False, flipVert=False, font='Arial', fontFiles=[], height=0.1, italic=False, name='leftStim', opacity=1.0, ori=0, pos=array([-0.5,  0. ]), rgb=array([255., 255., 255.]), text='default text', units=u'norm', win=Window(...), wrapWidth=1)
43.6883 	EXP 	Created rightStim = TextStim(alignHoriz='center', alignVert='center', antialias=True, autoLog=True, bold=False, color='white', colorSpace='named', contrast=1.0, depth=-1.0, flipHoriz=False, flipVert=False, font='Arial', fontFiles=[], height=0.1, italic=False, name='rightStim', opacity=1.0, ori=0, pos=array([0.5, 0. ]), rgb=array([255., 255., 255.]), text='default text', units=u'norm', win=Window(...), wrapWidth=1)
43.8217 	EXP 	Created ITI = ImageStim(autoLog=True, color=array([1., 1., 1.]), colorSpace='rgb', contrast=1.0, depth=-2.0, flipHoriz=False, flipVert=False, image='/Users/mridul/Downloads/fixation.png', interpolate=True, mask=None, maskParams=None, name='ITI', opacity=1.0, ori=0.0, pos=array([0., 0.]), size=array([0.5, 0.5]), texRes=128, units=u'norm', win=Window(...))
43.8265 	EXP 	Created fixation = TextStim(alignHoriz='center', alignVert='center', antialias=True, autoLog=True, bold=False, color='white', colorSpace='named', contrast=1.0, depth=-4.0, flipHoriz=False, flipVert=False, font='Arial', fontFiles=[], height=0.1, italic=False, name='fixation', opacity=1.0, ori=0, pos=array([0., 0.]), rgb=array([255., 255., 255.]), text='+', units=u'norm', win=Window(...), wrapWidth=1)
43.8423 	EXP 	text: autoDraw = True
44.8939 	DATA 	Keypress: lcommand
44.9223 	EXP 	Imported experiment.csv as conditions, 4 conditions, 2 params
44.9227 	EXP 	Created sequence: sequential, trialTypes=4, nReps=3, seed=None
44.9231 	EXP 	New trial (rep=0, index=0): OrderedDict([(u'condition', u'incongruent'), (u'stim', u'X')])
44.9237 	DATA 	Keypress: lshift
44.9424 	EXP 	text: autoDraw = False
44.9424 	EXP 	leftStim: text = u'X'
44.9424 	EXP 	rightStim: text = ''
44.9424 	EXP 	leftStim: autoDraw = True
44.9424 	EXP 	rightStim: autoDraw = True
44.9424 	EXP 	fixation: autoDraw = True
45.1978 	DATA 	Keypress: dollar
45.9432 	EXP 	leftStim: autoDraw = False
45.9432 	EXP 	rightStim: autoDraw = False
45.9432 	EXP 	ITI: autoDraw = True
45.9432 	EXP 	fixation: autoDraw = False
46.9283 	EXP 	New trial (rep=0, index=1): OrderedDict([(u'condition', u'congruent'), (u'stim', u'X')])
46.9433 	EXP 	leftStim: autoDraw = False
46.9433 	EXP 	rightStim: autoDraw = False
46.9433 	EXP 	ITI: autoDraw = False
46.9433 	EXP 	fixation: autoDraw = False
46.9433 	EXP 	leftStim: text = ''
46.9433 	EXP 	rightStim: text = u'X'
46.9433 	EXP 	leftStim: autoDraw = True
46.9433 	EXP 	rightStim: autoDraw = True
46.9433 	EXP 	fixation: autoDraw = True
47.9431 	EXP 	leftStim: autoDraw = False
47.9431 	EXP 	rightStim: autoDraw = False
47.9431 	EXP 	fixation: autoDraw = False
47.9601 	EXP 	ITI: autoDraw = True
48.9276 	EXP 	New trial (rep=0, index=2): OrderedDict([(u'condition', u'incongruent'), (u'stim', u'O')])
48.9436 	EXP 	ITI: autoDraw = False
48.9436 	EXP 	leftStim: autoDraw = False
48.9436 	EXP 	rightStim: autoDraw = False
48.9436 	EXP 	ITI: autoDraw = False
48.9436 	EXP 	fixation: autoDraw = False
48.9436 	EXP 	leftStim: text = ''
48.9436 	EXP 	rightStim: text = u'X'
48.9436 	EXP 	leftStim: autoDraw = True
48.9436 	EXP 	rightStim: autoDraw = True
48.9436 	EXP 	fixation: autoDraw = True
49.3299 	DATA 	Keypress: escape
49.6041 	EXP 	window1: mouseVisible = True
